<?xml version="1.0" encoding="utf-8"?><testsuites name="pytest tests"><testsuite name="pytest" errors="0" failures="0" skipped="0" tests="29" time="8.606" timestamp="2026-06-16T12:24:17.933237+00:00" hostname="agent-env-29ab0385-fb6b-4ccb-9125-7f1795473ecd"><testcase classname="tests.test_smartdine" name="test_health" time="0.209" /><testcase classname="tests.test_smartdine" name="test_login_admin_role" time="0.071" /><testcase classname="tests.test_smartdine" name="test_login_kitchen_role" time="0.070" /><testcase classname="tests.test_smartdine" name="test_login_counter_role" time="0.079" /><testcase classname="tests.test_smartdine" name="test_login_customer_role" time="0.069" /><testcase classname="tests.test_smartdine" name="test_login_bad" time="0.072" /><testcase classname="tests.test_smartdine" name="test_me_with_token" time="0.042" /><testcase classname="tests.test_smartdine" name="test_me_without_token" time="0.042" /><testcase classname="tests.test_smartdine" name="test_menu_has_8_items" time="0.044" /><testcase classname="tests.test_smartdine" name="test_create_order" time="0.090" /><testcase classname="tests.test_smartdine" name="test_get_order" time="0.044" /><testcase classname="tests.test_smartdine" name="test_status_requires_auth" time="0.041" /><testcase classname="tests.test_smartdine" name="test_status_transitions" time="0.127" /><testcase classname="tests.test_smartdine" name="test_inventory_no_auth" time="0.047" /><testcase classname="tests.test_smartdine" name="test_inventory_admin" time="0.043" /><testcase classname="tests.test_smartdine" name="test_inventory_customer_forbidden" time="0.042" /><testcase classname="tests.test_smartdine" name="test_dashboard_admin" time="0.044" /><testcase classname="tests.test_smartdine" name="test_revenue_admin" time="0.045" /><testcase classname="tests.test_smartdine" name="test_customers_admin" time="0.041" /><testcase classname="tests.test_smartdine" name="test_analytics_requires_admin" time="0.043" /><testcase classname="tests.test_smartdine" name="test_payment_intent" time="0.344" /><testcase classname="tests.test_smartdine" name="test_payment_config" time="0.041" /><testcase classname="tests.test_smartdine" name="test_create_checkout_session" time="0.712" /><testcase classname="tests.test_smartdine" name="test_checkout_session_invalid_item" time="0.042" /><testcase classname="tests.test_smartdine" name="test_checkout_session_empty" time="0.048" /><testcase classname="tests.test_smartdine" name="test_checkout_status_unpaid" time="0.324" /><testcase classname="tests.test_smartdine" name="test_checkout_status_unknown_session" time="0.042" /><testcase classname="tests.test_smartdine" name="test_server_recomputes_amount" time="0.718" /><testcase classname="tests.test_smartdine" name="test_ai_waiter_stream" time="4.911" /></testsuite></testsuites>