<?xml version="1.0" encoding="utf-8"?><testsuites name="pytest tests"><testsuite name="pytest" errors="0" failures="0" skipped="0" tests="14" time="10.789" timestamp="2026-06-16T15:11:42.147818+00:00" hostname="agent-env-2decc342-c482-4523-996c-ad10e966fe47"><testcase classname="backend.tests.test_mehfil.TestGuestAuth" name="test_guest_empty_payload" time="0.295" /><testcase classname="backend.tests.test_mehfil.TestGuestAuth" name="test_guest_with_name_phone" time="0.053" /><testcase classname="backend.tests.test_mehfil.TestGuestAuth" name="test_guest_token_works_with_me" time="0.131" /><testcase classname="backend.tests.test_mehfil.TestMenuCrud" name="test_menu_crud_lifecycle" time="0.455" /><testcase classname="backend.tests.test_mehfil.TestMenuCrud" name="test_menu_post_requires_admin" time="0.050" /><testcase classname="backend.tests.test_mehfil.TestMenuCrud" name="test_menu_delete_requires_admin" time="0.051" /><testcase classname="backend.tests.test_mehfil.TestInventoryCrud" name="test_inventory_crud_lifecycle" time="0.492" /><testcase classname="backend.tests.test_mehfil.TestInventoryCrud" name="test_inventory_post_requires_admin" time="0.050" /><testcase classname="backend.tests.test_mehfil.TestImageUpload" name="test_upload_image_admin_and_serve" time="0.224" /><testcase classname="backend.tests.test_mehfil.TestImageUpload" name="test_upload_no_auth" time="0.049" /><testcase classname="backend.tests.test_mehfil.TestImageUpload" name="test_upload_empty_file_rejected" time="0.052" /><testcase classname="backend.tests.test_mehfil.TestTranscribe" name="test_transcribe_empty_returns_400" time="0.052" /><testcase classname="backend.tests.test_mehfil.TestTTS" name="test_speak_returns_audio" time="8.568" /><testcase classname="backend.tests.test_mehfil.TestTTS" name="test_speak_empty_text_rejected" time="0.059" /></testsuite></testsuites>