<?xml version="1.0" encoding="utf-8"?><testsuites name="pytest tests"><testsuite name="pytest" errors="0" failures="0" skipped="0" tests="22" time="7.598" timestamp="2026-06-16T11:36:49.095160+00:00" hostname="agent-env-29ab0385-fb6b-4ccb-9125-7f1795473ecd"><testcase classname="backend.tests.test_smartdine" name="test_health" time="0.155" /><testcase classname="backend.tests.test_smartdine" name="test_login_admin_role" time="0.076" /><testcase classname="backend.tests.test_smartdine" name="test_login_kitchen_role" time="0.070" /><testcase classname="backend.tests.test_smartdine" name="test_login_counter_role" time="0.068" /><testcase classname="backend.tests.test_smartdine" name="test_login_customer_role" time="0.078" /><testcase classname="backend.tests.test_smartdine" name="test_login_bad" time="0.069" /><testcase classname="backend.tests.test_smartdine" name="test_me_with_token" time="0.039" /><testcase classname="backend.tests.test_smartdine" name="test_me_without_token" time="0.041" /><testcase classname="backend.tests.test_smartdine" name="test_menu_has_8_items" time="0.041" /><testcase classname="backend.tests.test_smartdine" name="test_create_order" time="0.115" /><testcase classname="backend.tests.test_smartdine" name="test_get_order" time="0.044" /><testcase classname="backend.tests.test_smartdine" name="test_status_requires_auth" time="0.040" /><testcase classname="backend.tests.test_smartdine" name="test_status_transitions" time="0.134" /><testcase classname="backend.tests.test_smartdine" name="test_inventory_no_auth" time="0.039" /><testcase classname="backend.tests.test_smartdine" name="test_inventory_admin" time="0.047" /><testcase classname="backend.tests.test_smartdine" name="test_inventory_customer_forbidden" time="0.044" /><testcase classname="backend.tests.test_smartdine" name="test_dashboard_admin" time="0.044" /><testcase classname="backend.tests.test_smartdine" name="test_revenue_admin" time="0.042" /><testcase classname="backend.tests.test_smartdine" name="test_customers_admin" time="0.042" /><testcase classname="backend.tests.test_smartdine" name="test_analytics_requires_admin" time="0.080" /><testcase classname="backend.tests.test_smartdine" name="test_payment_intent" time="0.541" /><testcase classname="backend.tests.test_smartdine" name="test_ai_waiter_stream" time="5.557" /></testsuite></testsuites>